-------------------------------------------------------------------------------
Test set: tn.esprit.spring.kaddem.TestsEtudiantService
-------------------------------------------------------------------------------
Tests run: 2, Failures: 1, Errors: 0, Skipped: 0, Time elapsed: 0.478 s <<< FAILURE! - in tn.esprit.spring.kaddem.TestsEtudiantService
testRetrieveAllEtudiantsWithoutMock  Time elapsed: 0.009 s  <<< FAILURE!
org.opentest4j.AssertionFailedError: expected: <2> but was: <0>
	at tn.esprit.spring.kaddem.TestsEtudiantService.testRetrieveAllEtudiantsWithoutMock(TestsEtudiantService.java:58)

